----------------------------------------------------------------
2016-06-02 12:54:02.166 GMT:
 Booting Derby version The Apache Software Foundation - Apache Derby - 10.6.1.0 - (938214): instance a816c00e-0155-112d-7e2e-000037390430 
on database directory C:\Users\永博\workspace\BeehiveZ3\processrepository   with class loader sun.misc.Launcher$AppClassLoader@2a139a55


2016-06-02 12:54:02.253 GMT:
Shutting down instance a816c00e-0155-112d-7e2e-000037390430 with class loader sun.misc.Launcher$AppClassLoader@2a139a55 
----------------------------------------------------------------
2016-06-02 12:54:02.285 GMT Thread[main,5,main] Cleanup action starting
java.sql.SQLException: Failed to start database 'processrepository' with class loader sun.misc.Launcher$AppClassLoader@2a139a55, see the next exception for details.
	at org.apache.derby.impl.jdbc.SQLExceptionFactory40.getSQLException(Unknown Source)
	at org.apache.derby.impl.jdbc.Util.newEmbedSQLException(Unknown Source)
	at org.apache.derby.impl.jdbc.Util.seeNextException(Unknown Source)
	at org.apache.derby.impl.jdbc.EmbedConnection.bootDatabase(Unknown Source)
	at org.apache.derby.impl.jdbc.EmbedConnection.<init>(Unknown Source)
	at org.apache.derby.impl.jdbc.EmbedConnection30.<init>(Unknown Source)
	at org.apache.derby.impl.jdbc.EmbedConnection40.<init>(Unknown Source)
	at org.apache.derby.jdbc.Driver40.getNewEmbedConnection(Unknown Source)
	at org.apache.derby.jdbc.InternalDriver.connect(Unknown Source)
	at org.apache.derby.jdbc.AutoloadedDriver.connect(Unknown Source)
	at java.sql.DriverManager.getConnection(Unknown Source)
	at java.sql.DriverManager.getConnection(Unknown Source)
	at cn.edu.thss.iise.beehivez.server.datamanagement.DatabaseAccessor.<init>(DatabaseAccessor.java:119)
	at cn.edu.thss.iise.beehivez.server.datamanagement.DatabaseAccessor.<clinit>(DatabaseAccessor.java:94)
	at cn.edu.thss.iise.beehivez.server.datamanagement.DataManager.<init>(DataManager.java:62)
	at cn.edu.thss.iise.beehivez.server.datamanagement.DataManager.<clinit>(DataManager.java:83)
	at cn.edu.thss.iise.beehivez.util.DatabaseModelTree.createDbmTree(DatabaseModelTree.java:77)
	at cn.edu.thss.iise.beehivez.client.ui.modelio.ModelIOFramePlugin.Create_rightpanel(ModelIOFramePlugin.java:612)
	at cn.edu.thss.iise.beehivez.client.ui.modelio.ModelIOFramePlugin.<init>(ModelIOFramePlugin.java:145)
	at sun.reflect.NativeConstructorAccessorImpl.newInstance0(Native Method)
	at sun.reflect.NativeConstructorAccessorImpl.newInstance(Unknown Source)
	at sun.reflect.DelegatingConstructorAccessorImpl.newInstance(Unknown Source)
	at java.lang.reflect.Constructor.newInstance(Unknown Source)
	at cn.edu.thss.iise.beehivez.client.ui.ClientFrame.loadModule(ClientFrame.java:947)
	at cn.edu.thss.iise.beehivez.client.ui.ClientFrame.loadModules(ClientFrame.java:967)
	at cn.edu.thss.iise.beehivez.client.ui.ClientFrame.start(ClientFrame.java:208)
	at cn.edu.thss.iise.beehivez.client.BusinessProcessModelManager.main(BusinessProcessModelManager.java:49)
Caused by: java.sql.SQLException: Failed to start database 'processrepository' with class loader sun.misc.Launcher$AppClassLoader@2a139a55, see the next exception for details.
	at org.apache.derby.impl.jdbc.SQLExceptionFactory.getSQLException(Unknown Source)
	at org.apache.derby.impl.jdbc.SQLExceptionFactory40.wrapArgsForTransportAcrossDRDA(Unknown Source)
	... 27 more
Caused by: java.sql.SQLException: The conglomerate (16) requested does not exist.
	at org.apache.derby.impl.jdbc.SQLExceptionFactory.getSQLException(Unknown Source)
	at org.apache.derby.impl.jdbc.SQLExceptionFactory40.wrapArgsForTransportAcrossDRDA(Unknown Source)
	at org.apache.derby.impl.jdbc.SQLExceptionFactory40.getSQLException(Unknown Source)
	at org.apache.derby.impl.jdbc.Util.generateCsSQLException(Unknown Source)
	... 24 more
Caused by: ERROR XSAI2: The conglomerate (16) requested does not exist.
	at org.apache.derby.iapi.error.StandardException.newException(Unknown Source)
	at org.apache.derby.impl.store.access.heap.HeapConglomerateFactory.readConglomerate(Unknown Source)
	at org.apache.derby.impl.store.access.RAMAccessManager.conglomCacheFind(Unknown Source)
	at org.apache.derby.impl.store.access.RAMTransaction.findExistingConglomerate(Unknown Source)
	at org.apache.derby.impl.store.access.RAMTransaction.openScan(Unknown Source)
	at org.apache.derby.impl.store.access.PropertyConglomerate.openScan(Unknown Source)
	at org.apache.derby.impl.store.access.PropertyConglomerate.readDbProperties(Unknown Source)
	at org.apache.derby.impl.store.access.PropertyConglomerate.getCachedDbProperties(Unknown Source)
	at org.apache.derby.impl.store.access.PropertyConglomerate.getCachedProperty(Unknown Source)
	at org.apache.derby.impl.store.access.PropertyConglomerate.getProperty(Unknown Source)
	at org.apache.derby.impl.store.access.PC_XenaVersion.upgradeIfNeeded(Unknown Source)
	at org.apache.derby.impl.store.access.PropertyConglomerate.<init>(Unknown Source)
	at org.apache.derby.impl.store.access.RAMAccessManager.boot(Unknown Source)
	at org.apache.derby.impl.services.monitor.BaseMonitor.boot(Unknown Source)
	at org.apache.derby.impl.services.monitor.TopService.bootModule(Unknown Source)
	at org.apache.derby.impl.services.monitor.BaseMonitor.startModule(Unknown Source)
	at org.apache.derby.iapi.services.monitor.Monitor.bootServiceModule(Unknown Source)
	at org.apache.derby.impl.db.BasicDatabase.bootStore(Unknown Source)
	at org.apache.derby.impl.db.BasicDatabase.boot(Unknown Source)
	at org.apache.derby.impl.services.monitor.BaseMonitor.boot(Unknown Source)
	at org.apache.derby.impl.services.monitor.TopService.bootModule(Unknown Source)
	at org.apache.derby.impl.services.monitor.BaseMonitor.bootService(Unknown Source)
	at org.apache.derby.impl.services.monitor.BaseMonitor.startProviderService(Unknown Source)
	at org.apache.derby.impl.services.monitor.BaseMonitor.findProviderAndStartService(Unknown Source)
	at org.apache.derby.impl.services.monitor.BaseMonitor.startPersistentService(Unknown Source)
	at org.apache.derby.iapi.services.monitor.Monitor.startPersistentService(Unknown Source)
	... 24 more
============= begin nested exception, level (1) ===========
java.sql.SQLException: The conglomerate (16) requested does not exist.
	at org.apache.derby.impl.jdbc.SQLExceptionFactory40.getSQLException(Unknown Source)
	at org.apache.derby.impl.jdbc.Util.generateCsSQLException(Unknown Source)
	at org.apache.derby.impl.jdbc.EmbedConnection.bootDatabase(Unknown Source)
	at org.apache.derby.impl.jdbc.EmbedConnection.<init>(Unknown Source)
	at org.apache.derby.impl.jdbc.EmbedConnection30.<init>(Unknown Source)
	at org.apache.derby.impl.jdbc.EmbedConnection40.<init>(Unknown Source)
	at org.apache.derby.jdbc.Driver40.getNewEmbedConnection(Unknown Source)
	at org.apache.derby.jdbc.InternalDriver.connect(Unknown Source)
	at org.apache.derby.jdbc.AutoloadedDriver.connect(Unknown Source)
	at java.sql.DriverManager.getConnection(Unknown Source)
	at java.sql.DriverManager.getConnection(Unknown Source)
	at cn.edu.thss.iise.beehivez.server.datamanagement.DatabaseAccessor.<init>(DatabaseAccessor.java:119)
	at cn.edu.thss.iise.beehivez.server.datamanagement.DatabaseAccessor.<clinit>(DatabaseAccessor.java:94)
	at cn.edu.thss.iise.beehivez.server.datamanagement.DataManager.<init>(DataManager.java:62)
	at cn.edu.thss.iise.beehivez.server.datamanagement.DataManager.<clinit>(DataManager.java:83)
	at cn.edu.thss.iise.beehivez.util.DatabaseModelTree.createDbmTree(DatabaseModelTree.java:77)
	at cn.edu.thss.iise.beehivez.client.ui.modelio.ModelIOFramePlugin.Create_rightpanel(ModelIOFramePlugin.java:612)
	at cn.edu.thss.iise.beehivez.client.ui.modelio.ModelIOFramePlugin.<init>(ModelIOFramePlugin.java:145)
	at sun.reflect.NativeConstructorAccessorImpl.newInstance0(Native Method)
	at sun.reflect.NativeConstructorAccessorImpl.newInstance(Unknown Source)
	at sun.reflect.DelegatingConstructorAccessorImpl.newInstance(Unknown Source)
	at java.lang.reflect.Constructor.newInstance(Unknown Source)
	at cn.edu.thss.iise.beehivez.client.ui.ClientFrame.loadModule(ClientFrame.java:947)
	at cn.edu.thss.iise.beehivez.client.ui.ClientFrame.loadModules(ClientFrame.java:967)
	at cn.edu.thss.iise.beehivez.client.ui.ClientFrame.start(ClientFrame.java:208)
	at cn.edu.thss.iise.beehivez.client.BusinessProcessModelManager.main(BusinessProcessModelManager.java:49)
Caused by: java.sql.SQLException: The conglomerate (16) requested does not exist.
	at org.apache.derby.impl.jdbc.SQLExceptionFactory.getSQLException(Unknown Source)
	at org.apache.derby.impl.jdbc.SQLExceptionFactory40.wrapArgsForTransportAcrossDRDA(Unknown Source)
	... 26 more
Caused by: ERROR XSAI2: The conglomerate (16) requested does not exist.
	at org.apache.derby.iapi.error.StandardException.newException(Unknown Source)
	at org.apache.derby.impl.store.access.heap.HeapConglomerateFactory.readConglomerate(Unknown Source)
	at org.apache.derby.impl.store.access.RAMAccessManager.conglomCacheFind(Unknown Source)
	at org.apache.derby.impl.store.access.RAMTransaction.findExistingConglomerate(Unknown Source)
	at org.apache.derby.impl.store.access.RAMTransaction.openScan(Unknown Source)
	at org.apache.derby.impl.store.access.PropertyConglomerate.openScan(Unknown Source)
	at org.apache.derby.impl.store.access.PropertyConglomerate.readDbProperties(Unknown Source)
	at org.apache.derby.impl.store.access.PropertyConglomerate.getCachedDbProperties(Unknown Source)
	at org.apache.derby.impl.store.access.PropertyConglomerate.getCachedProperty(Unknown Source)
	at org.apache.derby.impl.store.access.PropertyConglomerate.getProperty(Unknown Source)
	at org.apache.derby.impl.store.access.PC_XenaVersion.upgradeIfNeeded(Unknown Source)
	at org.apache.derby.impl.store.access.PropertyConglomerate.<init>(Unknown Source)
	at org.apache.derby.impl.store.access.RAMAccessManager.boot(Unknown Source)
	at org.apache.derby.impl.services.monitor.BaseMonitor.boot(Unknown Source)
	at org.apache.derby.impl.services.monitor.TopService.bootModule(Unknown Source)
	at org.apache.derby.impl.services.monitor.BaseMonitor.startModule(Unknown Source)
	at org.apache.derby.iapi.services.monitor.Monitor.bootServiceModule(Unknown Source)
	at org.apache.derby.impl.db.BasicDatabase.bootStore(Unknown Source)
	at org.apache.derby.impl.db.BasicDatabase.boot(Unknown Source)
	at org.apache.derby.impl.services.monitor.BaseMonitor.boot(Unknown Source)
	at org.apache.derby.impl.services.monitor.TopService.bootModule(Unknown Source)
	at org.apache.derby.impl.services.monitor.BaseMonitor.bootService(Unknown Source)
	at org.apache.derby.impl.services.monitor.BaseMonitor.startProviderService(Unknown Source)
	at org.apache.derby.impl.services.monitor.BaseMonitor.findProviderAndStartService(Unknown Source)
	at org.apache.derby.impl.services.monitor.BaseMonitor.startPersistentService(Unknown Source)
	at org.apache.derby.iapi.services.monitor.Monitor.startPersistentService(Unknown Source)
	... 24 more
============= end nested exception, level (1) ===========
============= begin nested exception, level (2) ===========
java.sql.SQLException: The conglomerate (16) requested does not exist.
	at org.apache.derby.impl.jdbc.SQLExceptionFactory.getSQLException(Unknown Source)
	at org.apache.derby.impl.jdbc.SQLExceptionFactory40.wrapArgsForTransportAcrossDRDA(Unknown Source)
	at org.apache.derby.impl.jdbc.SQLExceptionFactory40.getSQLException(Unknown Source)
	at org.apache.derby.impl.jdbc.Util.generateCsSQLException(Unknown Source)
	at org.apache.derby.impl.jdbc.EmbedConnection.bootDatabase(Unknown Source)
	at org.apache.derby.impl.jdbc.EmbedConnection.<init>(Unknown Source)
	at org.apache.derby.impl.jdbc.EmbedConnection30.<init>(Unknown Source)
	at org.apache.derby.impl.jdbc.EmbedConnection40.<init>(Unknown Source)
	at org.apache.derby.jdbc.Driver40.getNewEmbedConnection(Unknown Source)
	at org.apache.derby.jdbc.InternalDriver.connect(Unknown Source)
	at org.apache.derby.jdbc.AutoloadedDriver.connect(Unknown Source)
	at java.sql.DriverManager.getConnection(Unknown Source)
	at java.sql.DriverManager.getConnection(Unknown Source)
	at cn.edu.thss.iise.beehivez.server.datamanagement.DatabaseAccessor.<init>(DatabaseAccessor.java:119)
	at cn.edu.thss.iise.beehivez.server.datamanagement.DatabaseAccessor.<clinit>(DatabaseAccessor.java:94)
	at cn.edu.thss.iise.beehivez.server.datamanagement.DataManager.<init>(DataManager.java:62)
	at cn.edu.thss.iise.beehivez.server.datamanagement.DataManager.<clinit>(DataManager.java:83)
	at cn.edu.thss.iise.beehivez.util.DatabaseModelTree.createDbmTree(DatabaseModelTree.java:77)
	at cn.edu.thss.iise.beehivez.client.ui.modelio.ModelIOFramePlugin.Create_rightpanel(ModelIOFramePlugin.java:612)
	at cn.edu.thss.iise.beehivez.client.ui.modelio.ModelIOFramePlugin.<init>(ModelIOFramePlugin.java:145)
	at sun.reflect.NativeConstructorAccessorImpl.newInstance0(Native Method)
	at sun.reflect.NativeConstructorAccessorImpl.newInstance(Unknown Source)
	at sun.reflect.DelegatingConstructorAccessorImpl.newInstance(Unknown Source)
	at java.lang.reflect.Constructor.newInstance(Unknown Source)
	at cn.edu.thss.iise.beehivez.client.ui.ClientFrame.loadModule(ClientFrame.java:947)
	at cn.edu.thss.iise.beehivez.client.ui.ClientFrame.loadModules(ClientFrame.java:967)
	at cn.edu.thss.iise.beehivez.client.ui.ClientFrame.start(ClientFrame.java:208)
	at cn.edu.thss.iise.beehivez.client.BusinessProcessModelManager.main(BusinessProcessModelManager.java:49)
Caused by: ERROR XSAI2: The conglomerate (16) requested does not exist.
	at org.apache.derby.iapi.error.StandardException.newException(Unknown Source)
	at org.apache.derby.impl.store.access.heap.HeapConglomerateFactory.readConglomerate(Unknown Source)
	at org.apache.derby.impl.store.access.RAMAccessManager.conglomCacheFind(Unknown Source)
	at org.apache.derby.impl.store.access.RAMTransaction.findExistingConglomerate(Unknown Source)
	at org.apache.derby.impl.store.access.RAMTransaction.openScan(Unknown Source)
	at org.apache.derby.impl.store.access.PropertyConglomerate.openScan(Unknown Source)
	at org.apache.derby.impl.store.access.PropertyConglomerate.readDbProperties(Unknown Source)
	at org.apache.derby.impl.store.access.PropertyConglomerate.getCachedDbProperties(Unknown Source)
	at org.apache.derby.impl.store.access.PropertyConglomerate.getCachedProperty(Unknown Source)
	at org.apache.derby.impl.store.access.PropertyConglomerate.getProperty(Unknown Source)
	at org.apache.derby.impl.store.access.PC_XenaVersion.upgradeIfNeeded(Unknown Source)
	at org.apache.derby.impl.store.access.PropertyConglomerate.<init>(Unknown Source)
	at org.apache.derby.impl.store.access.RAMAccessManager.boot(Unknown Source)
	at org.apache.derby.impl.services.monitor.BaseMonitor.boot(Unknown Source)
	at org.apache.derby.impl.services.monitor.TopService.bootModule(Unknown Source)
	at org.apache.derby.impl.services.monitor.BaseMonitor.startModule(Unknown Source)
	at org.apache.derby.iapi.services.monitor.Monitor.bootServiceModule(Unknown Source)
	at org.apache.derby.impl.db.BasicDatabase.bootStore(Unknown Source)
	at org.apache.derby.impl.db.BasicDatabase.boot(Unknown Source)
	at org.apache.derby.impl.services.monitor.BaseMonitor.boot(Unknown Source)
	at org.apache.derby.impl.services.monitor.TopService.bootModule(Unknown Source)
	at org.apache.derby.impl.services.monitor.BaseMonitor.bootService(Unknown Source)
	at org.apache.derby.impl.services.monitor.BaseMonitor.startProviderService(Unknown Source)
	at org.apache.derby.impl.services.monitor.BaseMonitor.findProviderAndStartService(Unknown Source)
	at org.apache.derby.impl.services.monitor.BaseMonitor.startPersistentService(Unknown Source)
	at org.apache.derby.iapi.services.monitor.Monitor.startPersistentService(Unknown Source)
	... 24 more
============= end nested exception, level (2) ===========
============= begin nested exception, level (3) ===========
ERROR XSAI2: The conglomerate (16) requested does not exist.
	at org.apache.derby.iapi.error.StandardException.newException(Unknown Source)
	at org.apache.derby.impl.store.access.heap.HeapConglomerateFactory.readConglomerate(Unknown Source)
	at org.apache.derby.impl.store.access.RAMAccessManager.conglomCacheFind(Unknown Source)
	at org.apache.derby.impl.store.access.RAMTransaction.findExistingConglomerate(Unknown Source)
	at org.apache.derby.impl.store.access.RAMTransaction.openScan(Unknown Source)
	at org.apache.derby.impl.store.access.PropertyConglomerate.openScan(Unknown Source)
	at org.apache.derby.impl.store.access.PropertyConglomerate.readDbProperties(Unknown Source)
	at org.apache.derby.impl.store.access.PropertyConglomerate.getCachedDbProperties(Unknown Source)
	at org.apache.derby.impl.store.access.PropertyConglomerate.getCachedProperty(Unknown Source)
	at org.apache.derby.impl.store.access.PropertyConglomerate.getProperty(Unknown Source)
	at org.apache.derby.impl.store.access.PC_XenaVersion.upgradeIfNeeded(Unknown Source)
	at org.apache.derby.impl.store.access.PropertyConglomerate.<init>(Unknown Source)
	at org.apache.derby.impl.store.access.RAMAccessManager.boot(Unknown Source)
	at org.apache.derby.impl.services.monitor.BaseMonitor.boot(Unknown Source)
	at org.apache.derby.impl.services.monitor.TopService.bootModule(Unknown Source)
	at org.apache.derby.impl.services.monitor.BaseMonitor.startModule(Unknown Source)
	at org.apache.derby.iapi.services.monitor.Monitor.bootServiceModule(Unknown Source)
	at org.apache.derby.impl.db.BasicDatabase.bootStore(Unknown Source)
	at org.apache.derby.impl.db.BasicDatabase.boot(Unknown Source)
	at org.apache.derby.impl.services.monitor.BaseMonitor.boot(Unknown Source)
	at org.apache.derby.impl.services.monitor.TopService.bootModule(Unknown Source)
	at org.apache.derby.impl.services.monitor.BaseMonitor.bootService(Unknown Source)
	at org.apache.derby.impl.services.monitor.BaseMonitor.startProviderService(Unknown Source)
	at org.apache.derby.impl.services.monitor.BaseMonitor.findProviderAndStartService(Unknown Source)
	at org.apache.derby.impl.services.monitor.BaseMonitor.startPersistentService(Unknown Source)
	at org.apache.derby.iapi.services.monitor.Monitor.startPersistentService(Unknown Source)
	at org.apache.derby.impl.jdbc.EmbedConnection.bootDatabase(Unknown Source)
	at org.apache.derby.impl.jdbc.EmbedConnection.<init>(Unknown Source)
	at org.apache.derby.impl.jdbc.EmbedConnection30.<init>(Unknown Source)
	at org.apache.derby.impl.jdbc.EmbedConnection40.<init>(Unknown Source)
	at org.apache.derby.jdbc.Driver40.getNewEmbedConnection(Unknown Source)
	at org.apache.derby.jdbc.InternalDriver.connect(Unknown Source)
	at org.apache.derby.jdbc.AutoloadedDriver.connect(Unknown Source)
	at java.sql.DriverManager.getConnection(Unknown Source)
	at java.sql.DriverManager.getConnection(Unknown Source)
	at cn.edu.thss.iise.beehivez.server.datamanagement.DatabaseAccessor.<init>(DatabaseAccessor.java:119)
	at cn.edu.thss.iise.beehivez.server.datamanagement.DatabaseAccessor.<clinit>(DatabaseAccessor.java:94)
	at cn.edu.thss.iise.beehivez.server.datamanagement.DataManager.<init>(DataManager.java:62)
	at cn.edu.thss.iise.beehivez.server.datamanagement.DataManager.<clinit>(DataManager.java:83)
	at cn.edu.thss.iise.beehivez.util.DatabaseModelTree.createDbmTree(DatabaseModelTree.java:77)
	at cn.edu.thss.iise.beehivez.client.ui.modelio.ModelIOFramePlugin.Create_rightpanel(ModelIOFramePlugin.java:612)
	at cn.edu.thss.iise.beehivez.client.ui.modelio.ModelIOFramePlugin.<init>(ModelIOFramePlugin.java:145)
	at sun.reflect.NativeConstructorAccessorImpl.newInstance0(Native Method)
	at sun.reflect.NativeConstructorAccessorImpl.newInstance(Unknown Source)
	at sun.reflect.DelegatingConstructorAccessorImpl.newInstance(Unknown Source)
	at java.lang.reflect.Constructor.newInstance(Unknown Source)
	at cn.edu.thss.iise.beehivez.client.ui.ClientFrame.loadModule(ClientFrame.java:947)
	at cn.edu.thss.iise.beehivez.client.ui.ClientFrame.loadModules(ClientFrame.java:967)
	at cn.edu.thss.iise.beehivez.client.ui.ClientFrame.start(ClientFrame.java:208)
	at cn.edu.thss.iise.beehivez.client.BusinessProcessModelManager.main(BusinessProcessModelManager.java:49)
============= end nested exception, level (3) ===========
Cleanup action completed
